c:\users\dovel\documents\visual studio 2013\projects\hm-16.7_20180331\build\vc2013\win32\debug\tlibdecoder\vc120.pdb
c:\users\dovel\documents\visual studio 2013\projects\hm-16.7_20180331\build\vc2013\win32\debug\tlibdecoder\vc120.idb
c:\users\dovel\documents\visual studio 2013\projects\hm-16.7_20180331\build\vc2013\win32\debug\tlibdecoder\annexbread.obj
c:\users\dovel\documents\visual studio 2013\projects\hm-16.7_20180331\build\vc2013\win32\debug\tlibdecoder\nalread.obj
c:\users\dovel\documents\visual studio 2013\projects\hm-16.7_20180331\build\vc2013\win32\debug\tlibdecoder\seiread.obj
c:\users\dovel\documents\visual studio 2013\projects\hm-16.7_20180331\build\vc2013\win32\debug\tlibdecoder\syntaxelementparser.obj
c:\users\dovel\documents\visual studio 2013\projects\hm-16.7_20180331\build\vc2013\win32\debug\tlibdecoder\tdecbincodercabac.obj
c:\users\dovel\documents\visual studio 2013\projects\hm-16.7_20180331\build\vc2013\win32\debug\tlibdecoder\tdeccavlc.obj
c:\users\dovel\documents\visual studio 2013\projects\hm-16.7_20180331\build\vc2013\win32\debug\tlibdecoder\tdeccu.obj
c:\users\dovel\documents\visual studio 2013\projects\hm-16.7_20180331\build\vc2013\win32\debug\tlibdecoder\tdecentropy.obj
c:\users\dovel\documents\visual studio 2013\projects\hm-16.7_20180331\build\vc2013\win32\debug\tlibdecoder\tdecgop.obj
c:\users\dovel\documents\visual studio 2013\projects\hm-16.7_20180331\build\vc2013\win32\debug\tlibdecoder\tdecsbac.obj
c:\users\dovel\documents\visual studio 2013\projects\hm-16.7_20180331\build\vc2013\win32\debug\tlibdecoder\tdecslice.obj
c:\users\dovel\documents\visual studio 2013\projects\hm-16.7_20180331\build\vc2013\win32\debug\tlibdecoder\tdectop.obj
c:\users\dovel\documents\visual studio 2013\projects\hm-16.7_20180331\build\vc2013\win32\debug\tlibdecoder\tlibdecoder.lib
c:\users\dovel\documents\visual studio 2013\projects\hm-16.7_20180331\build\\vc2013\win32\debug\tlibdecoder\tlibdecoder.lib
c:\users\dovel\documents\visual studio 2013\projects\hm-16.7_20180331\build\vc2013\win32\debug\tlibdecoder\tlibdecoder.tlog\cl.command.1.tlog
c:\users\dovel\documents\visual studio 2013\projects\hm-16.7_20180331\build\vc2013\win32\debug\tlibdecoder\tlibdecoder.tlog\cl.read.1.tlog
c:\users\dovel\documents\visual studio 2013\projects\hm-16.7_20180331\build\vc2013\win32\debug\tlibdecoder\tlibdecoder.tlog\cl.write.1.tlog
c:\users\dovel\documents\visual studio 2013\projects\hm-16.7_20180331\build\vc2013\win32\debug\tlibdecoder\tlibdecoder.tlog\lib-link.read.1.tlog
c:\users\dovel\documents\visual studio 2013\projects\hm-16.7_20180331\build\vc2013\win32\debug\tlibdecoder\tlibdecoder.tlog\lib-link.write.1.tlog
c:\users\dovel\documents\visual studio 2013\projects\hm-16.7_20180331\build\vc2013\win32\debug\tlibdecoder\tlibdecoder.tlog\lib.command.1.tlog
