c:\users\dovel\documents\visual studio 2013\projects\hm-16.7_20180331\build\vc2013\win32\debug\tlibencoder\vc120.pdb
c:\users\dovel\documents\visual studio 2013\projects\hm-16.7_20180331\build\vc2013\win32\debug\tlibencoder\vc120.idb
c:\users\dovel\documents\visual studio 2013\projects\hm-16.7_20180331\build\vc2013\win32\debug\tlibencoder\nalwrite.obj
c:\users\dovel\documents\visual studio 2013\projects\hm-16.7_20180331\build\vc2013\win32\debug\tlibencoder\seiencoder.obj
c:\users\dovel\documents\visual studio 2013\projects\hm-16.7_20180331\build\vc2013\win32\debug\tlibencoder\seiwrite.obj
c:\users\dovel\documents\visual studio 2013\projects\hm-16.7_20180331\build\vc2013\win32\debug\tlibencoder\syntaxelementwriter.obj
c:\users\dovel\documents\visual studio 2013\projects\hm-16.7_20180331\build\vc2013\win32\debug\tlibencoder\tencbincodercabac.obj
c:\users\dovel\documents\visual studio 2013\projects\hm-16.7_20180331\build\vc2013\win32\debug\tlibencoder\tencbincodercabaccounter.obj
c:\users\dovel\documents\visual studio 2013\projects\hm-16.7_20180331\build\vc2013\win32\debug\tlibencoder\tenccavlc.obj
c:\users\dovel\documents\visual studio 2013\projects\hm-16.7_20180331\build\vc2013\win32\debug\tlibencoder\tenccu.obj
c:\users\dovel\documents\visual studio 2013\projects\hm-16.7_20180331\build\vc2013\win32\debug\tlibencoder\tencentropy.obj
c:\users\dovel\documents\visual studio 2013\projects\hm-16.7_20180331\build\vc2013\win32\debug\tlibencoder\tencgop.obj
c:\users\dovel\documents\visual studio 2013\projects\hm-16.7_20180331\build\vc2013\win32\debug\tlibencoder\tencpic.obj
c:\users\dovel\documents\visual studio 2013\projects\hm-16.7_20180331\build\vc2013\win32\debug\tlibencoder\tencpreanalyzer.obj
c:\users\dovel\documents\visual studio 2013\projects\hm-16.7_20180331\build\vc2013\win32\debug\tlibencoder\tencratectrl.obj
c:\users\dovel\documents\visual studio 2013\projects\hm-16.7_20180331\build\vc2013\win32\debug\tlibencoder\tencsampleadaptiveoffset.obj
c:\users\dovel\documents\visual studio 2013\projects\hm-16.7_20180331\build\vc2013\win32\debug\tlibencoder\tencsbac.obj
c:\users\dovel\documents\visual studio 2013\projects\hm-16.7_20180331\build\vc2013\win32\debug\tlibencoder\tencsearch.obj
c:\users\dovel\documents\visual studio 2013\projects\hm-16.7_20180331\build\vc2013\win32\debug\tlibencoder\tencslice.obj
c:\users\dovel\documents\visual studio 2013\projects\hm-16.7_20180331\build\vc2013\win32\debug\tlibencoder\tenctop.obj
c:\users\dovel\documents\visual studio 2013\projects\hm-16.7_20180331\build\vc2013\win32\debug\tlibencoder\weightpredanalysis.obj
c:\users\dovel\documents\visual studio 2013\projects\hm-16.7_20180331\build\vc2013\win32\debug\tlibencoder\tlibencoder.lib
c:\users\dovel\documents\visual studio 2013\projects\hm-16.7_20180331\build\\vc2013\win32\debug\tlibencoder\tlibencoder.lib
c:\users\dovel\documents\visual studio 2013\projects\hm-16.7_20180331\build\vc2013\win32\debug\tlibencoder\tlibencoder.tlog\cl.command.1.tlog
c:\users\dovel\documents\visual studio 2013\projects\hm-16.7_20180331\build\vc2013\win32\debug\tlibencoder\tlibencoder.tlog\cl.read.1.tlog
c:\users\dovel\documents\visual studio 2013\projects\hm-16.7_20180331\build\vc2013\win32\debug\tlibencoder\tlibencoder.tlog\cl.write.1.tlog
c:\users\dovel\documents\visual studio 2013\projects\hm-16.7_20180331\build\vc2013\win32\debug\tlibencoder\tlibencoder.tlog\lib-link.read.1.tlog
c:\users\dovel\documents\visual studio 2013\projects\hm-16.7_20180331\build\vc2013\win32\debug\tlibencoder\tlibencoder.tlog\lib-link.write.1.tlog
c:\users\dovel\documents\visual studio 2013\projects\hm-16.7_20180331\build\vc2013\win32\debug\tlibencoder\tlibencoder.tlog\lib.command.1.tlog
