c:\users\dovel\documents\visual studio 2013\projects\hm-16.7_20180331\build\vc2013\win32\debug\tlibcommon\vc120.pdb
c:\users\dovel\documents\visual studio 2013\projects\hm-16.7_20180331\build\vc2013\win32\debug\tlibcommon\vc120.idb
c:\users\dovel\documents\visual studio 2013\projects\hm-16.7_20180331\build\vc2013\win32\debug\tlibcommon\libmd5.obj
c:\users\dovel\documents\visual studio 2013\projects\hm-16.7_20180331\build\vc2013\win32\debug\tlibcommon\tcomchromaformat.obj
c:\users\dovel\documents\visual studio 2013\projects\hm-16.7_20180331\build\vc2013\win32\debug\tlibcommon\tcomdatacu.obj
c:\users\dovel\documents\visual studio 2013\projects\hm-16.7_20180331\build\vc2013\win32\debug\tlibcommon\tcominterpolationfilter.obj
c:\users\dovel\documents\visual studio 2013\projects\hm-16.7_20180331\build\vc2013\win32\debug\tlibcommon\tcomloopfilter.obj
c:\users\dovel\documents\visual studio 2013\projects\hm-16.7_20180331\build\vc2013\win32\debug\tlibcommon\tcommotioninfo.obj
c:\users\dovel\documents\visual studio 2013\projects\hm-16.7_20180331\build\vc2013\win32\debug\tlibcommon\tcompattern.obj
c:\users\dovel\documents\visual studio 2013\projects\hm-16.7_20180331\build\vc2013\win32\debug\tlibcommon\tcompic.obj
c:\users\dovel\documents\visual studio 2013\projects\hm-16.7_20180331\build\vc2013\win32\debug\tlibcommon\tcompicsym.obj
c:\users\dovel\documents\visual studio 2013\projects\hm-16.7_20180331\build\vc2013\win32\debug\tlibcommon\tcompicyuv.obj
c:\users\dovel\documents\visual studio 2013\projects\hm-16.7_20180331\build\vc2013\win32\debug\tlibcommon\tcompicyuvmd5.obj
c:\users\dovel\documents\visual studio 2013\projects\hm-16.7_20180331\build\vc2013\win32\debug\tlibcommon\tcomprediction.obj
c:\users\dovel\documents\visual studio 2013\projects\hm-16.7_20180331\build\vc2013\win32\debug\tlibcommon\tcomrdcost.obj
c:\users\dovel\documents\visual studio 2013\projects\hm-16.7_20180331\build\vc2013\win32\debug\tlibcommon\tcomrdcostweightprediction.obj
c:\users\dovel\documents\visual studio 2013\projects\hm-16.7_20180331\build\vc2013\win32\debug\tlibcommon\tcomrom.obj
c:\users\dovel\documents\visual studio 2013\projects\hm-16.7_20180331\build\vc2013\win32\debug\tlibcommon\tcomsampleadaptiveoffset.obj
c:\users\dovel\documents\visual studio 2013\projects\hm-16.7_20180331\build\vc2013\win32\debug\tlibcommon\tcomslice.obj
c:\users\dovel\documents\visual studio 2013\projects\hm-16.7_20180331\build\vc2013\win32\debug\tlibcommon\tcomtrquant.obj
c:\users\dovel\documents\visual studio 2013\projects\hm-16.7_20180331\build\vc2013\win32\debug\tlibcommon\tcomtu.obj
c:\users\dovel\documents\visual studio 2013\projects\hm-16.7_20180331\build\vc2013\win32\debug\tlibcommon\tcomweightprediction.obj
c:\users\dovel\documents\visual studio 2013\projects\hm-16.7_20180331\build\vc2013\win32\debug\tlibcommon\tcomyuv.obj
c:\users\dovel\documents\visual studio 2013\projects\hm-16.7_20180331\build\vc2013\win32\debug\tlibcommon\contextmodel.obj
c:\users\dovel\documents\visual studio 2013\projects\hm-16.7_20180331\build\vc2013\win32\debug\tlibcommon\contextmodel3dbuffer.obj
c:\users\dovel\documents\visual studio 2013\projects\hm-16.7_20180331\build\vc2013\win32\debug\tlibcommon\debug.obj
c:\users\dovel\documents\visual studio 2013\projects\hm-16.7_20180331\build\vc2013\win32\debug\tlibcommon\sei.obj
c:\users\dovel\documents\visual studio 2013\projects\hm-16.7_20180331\build\vc2013\win32\debug\tlibcommon\tcombitstream.obj
c:\users\dovel\documents\visual studio 2013\projects\hm-16.7_20180331\build\vc2013\win32\debug\tlibcommon\tcomcabactables.obj
c:\users\dovel\documents\visual studio 2013\projects\hm-16.7_20180331\build\vc2013\win32\debug\tlibcommon\tlibcommon.lib
c:\users\dovel\documents\visual studio 2013\projects\hm-16.7_20180331\build\\vc2013\win32\debug\tlibcommon\tlibcommon.lib
c:\users\dovel\documents\visual studio 2013\projects\hm-16.7_20180331\build\vc2013\win32\debug\tlibcommon\tlibcommon.tlog\cl.command.1.tlog
c:\users\dovel\documents\visual studio 2013\projects\hm-16.7_20180331\build\vc2013\win32\debug\tlibcommon\tlibcommon.tlog\cl.read.1.tlog
c:\users\dovel\documents\visual studio 2013\projects\hm-16.7_20180331\build\vc2013\win32\debug\tlibcommon\tlibcommon.tlog\cl.write.1.tlog
c:\users\dovel\documents\visual studio 2013\projects\hm-16.7_20180331\build\vc2013\win32\debug\tlibcommon\tlibcommon.tlog\lib-link.read.1.tlog
c:\users\dovel\documents\visual studio 2013\projects\hm-16.7_20180331\build\vc2013\win32\debug\tlibcommon\tlibcommon.tlog\lib-link.write.1.tlog
c:\users\dovel\documents\visual studio 2013\projects\hm-16.7_20180331\build\vc2013\win32\debug\tlibcommon\tlibcommon.tlog\lib.command.1.tlog
