Build started 2018/4/1 16:27:11.
     1>Project "C:\Users\dovel\Documents\Visual Studio 2013\Projects\HM-16.7_20180331\build\vc2013\TLibCommon_vc2013.vcxproj" on node 2 (Build target(s)).
     1>ClCompile:
         C:\Program Files (x86)\Microsoft Visual Studio 12.0\VC\bin\CL.exe /c /I"C:\Users\dovel\Documents\Visual Studio 2013\Projects\HM-16.7_20180331\build\\..\source\Lib\\" /Zi /nologo /W3 /WX- /Od /Oy- /D WIN32 /D _DEBUG /D _LIB /D _CRT_SECURE_NO_WARNINGS /D _MBCS /Gm /EHsc /RTC1 /MTd /GS /fp:precise /Zc:wchar_t /Zc:forScope /Fo"C:\Users\dovel\Documents\Visual Studio 2013\Projects\HM-16.7_20180331\build\\vc2013\Win32\Debug\TLibCommon\\" /Fd"C:\Users\dovel\Documents\Visual Studio 2013\Projects\HM-16.7_20180331\build\\vc2013\Win32\Debug\TLibCommon\vc120.pdb" /Gd /TP /analyze- /errorReport:prompt ..\..\source\Lib\TLibCommon\Debug.cpp ..\..\source\Lib\TLibCommon\TComChromaFormat.cpp ..\..\source\Lib\TLibCommon\TComDataCU.cpp ..\..\source\Lib\TLibCommon\TComLoopFilter.cpp ..\..\source\Lib\TLibCommon\TComPattern.cpp ..\..\source\Lib\TLibCommon\TComPic.cpp ..\..\source\Lib\TLibCommon\TComPicSym.cpp ..\..\source\Lib\TLibCommon\TComPrediction.cpp ..\..\source\Lib\TLibCommon\TComRom.cpp ..\..\source\Lib\TLibCommon\TComSampleAdaptiveOffset.cpp ..\..\source\Lib\TLibCommon\TComSlice.cpp ..\..\source\Lib\TLibCommon\TComTU.cpp ..\..\source\Lib\TLibCommon\TComTrQuant.cpp ..\..\source\Lib\TLibCommon\TComWeightPrediction.cpp
         TComWeightPrediction.cpp
         TComTrQuant.cpp
         TComTU.cpp
         TComSlice.cpp
         TComSampleAdaptiveOffset.cpp
         TComRom.cpp
         TComPrediction.cpp
         TComPicSym.cpp
         TComPic.cpp
         TComPattern.cpp
         TComLoopFilter.cpp
         TComDataCU.cpp
         TComChromaFormat.cpp
         Debug.cpp
         Generating Code...
       Lib:
         C:\Program Files (x86)\Microsoft Visual Studio 12.0\VC\bin\Lib.exe /OUT:"C:\Users\dovel\Documents\Visual Studio 2013\Projects\HM-16.7_20180331\build\\vc2013\Win32\Debug\TLibCommon\TLibCommon.lib" /NOLOGO "C:\Users\dovel\Documents\Visual Studio 2013\Projects\HM-16.7_20180331\build\\vc2013\Win32\Debug\TLibCommon\libmd5.obj"
         "C:\Users\dovel\Documents\Visual Studio 2013\Projects\HM-16.7_20180331\build\\vc2013\Win32\Debug\TLibCommon\ContextModel.obj"
         "C:\Users\dovel\Documents\Visual Studio 2013\Projects\HM-16.7_20180331\build\\vc2013\Win32\Debug\TLibCommon\ContextModel3DBuffer.obj"
         "C:\Users\dovel\Documents\Visual Studio 2013\Projects\HM-16.7_20180331\build\\vc2013\Win32\Debug\TLibCommon\Debug.obj"
         "C:\Users\dovel\Documents\Visual Studio 2013\Projects\HM-16.7_20180331\build\\vc2013\Win32\Debug\TLibCommon\SEI.obj"
         "C:\Users\dovel\Documents\Visual Studio 2013\Projects\HM-16.7_20180331\build\\vc2013\Win32\Debug\TLibCommon\TComBitStream.obj"
         "C:\Users\dovel\Documents\Visual Studio 2013\Projects\HM-16.7_20180331\build\\vc2013\Win32\Debug\TLibCommon\TComCABACTables.obj"
         "C:\Users\dovel\Documents\Visual Studio 2013\Projects\HM-16.7_20180331\build\\vc2013\Win32\Debug\TLibCommon\TComChromaFormat.obj"
         "C:\Users\dovel\Documents\Visual Studio 2013\Projects\HM-16.7_20180331\build\\vc2013\Win32\Debug\TLibCommon\TComDataCU.obj"
         "C:\Users\dovel\Documents\Visual Studio 2013\Projects\HM-16.7_20180331\build\\vc2013\Win32\Debug\TLibCommon\TComInterpolationFilter.obj"
         "C:\Users\dovel\Documents\Visual Studio 2013\Projects\HM-16.7_20180331\build\\vc2013\Win32\Debug\TLibCommon\TComLoopFilter.obj"
         "C:\Users\dovel\Documents\Visual Studio 2013\Projects\HM-16.7_20180331\build\\vc2013\Win32\Debug\TLibCommon\TComMotionInfo.obj"
         "C:\Users\dovel\Documents\Visual Studio 2013\Projects\HM-16.7_20180331\build\\vc2013\Win32\Debug\TLibCommon\TComPattern.obj"
         "C:\Users\dovel\Documents\Visual Studio 2013\Projects\HM-16.7_20180331\build\\vc2013\Win32\Debug\TLibCommon\TComPic.obj"
         "C:\Users\dovel\Documents\Visual Studio 2013\Projects\HM-16.7_20180331\build\\vc2013\Win32\Debug\TLibCommon\TComPicSym.obj"
         "C:\Users\dovel\Documents\Visual Studio 2013\Projects\HM-16.7_20180331\build\\vc2013\Win32\Debug\TLibCommon\TComPicYuv.obj"
         "C:\Users\dovel\Documents\Visual Studio 2013\Projects\HM-16.7_20180331\build\\vc2013\Win32\Debug\TLibCommon\TComPicYuvMD5.obj"
         "C:\Users\dovel\Documents\Visual Studio 2013\Projects\HM-16.7_20180331\build\\vc2013\Win32\Debug\TLibCommon\TComPrediction.obj"
         "C:\Users\dovel\Documents\Visual Studio 2013\Projects\HM-16.7_20180331\build\\vc2013\Win32\Debug\TLibCommon\TComRdCost.obj"
         "C:\Users\dovel\Documents\Visual Studio 2013\Projects\HM-16.7_20180331\build\\vc2013\Win32\Debug\TLibCommon\TComRdCostWeightPrediction.obj"
         "C:\Users\dovel\Documents\Visual Studio 2013\Projects\HM-16.7_20180331\build\\vc2013\Win32\Debug\TLibCommon\TComRom.obj"
         "C:\Users\dovel\Documents\Visual Studio 2013\Projects\HM-16.7_20180331\build\\vc2013\Win32\Debug\TLibCommon\TComSampleAdaptiveOffset.obj"
         "C:\Users\dovel\Documents\Visual Studio 2013\Projects\HM-16.7_20180331\build\\vc2013\Win32\Debug\TLibCommon\TComSlice.obj"
         "C:\Users\dovel\Documents\Visual Studio 2013\Projects\HM-16.7_20180331\build\\vc2013\Win32\Debug\TLibCommon\TComTrQuant.obj"
         "C:\Users\dovel\Documents\Visual Studio 2013\Projects\HM-16.7_20180331\build\\vc2013\Win32\Debug\TLibCommon\TComTU.obj"
         "C:\Users\dovel\Documents\Visual Studio 2013\Projects\HM-16.7_20180331\build\\vc2013\Win32\Debug\TLibCommon\TComWeightPrediction.obj"
         "C:\Users\dovel\Documents\Visual Studio 2013\Projects\HM-16.7_20180331\build\\vc2013\Win32\Debug\TLibCommon\TComYuv.obj"
         TLibCommon_vc2013.vcxproj -> C:\Users\dovel\Documents\Visual Studio 2013\Projects\HM-16.7_20180331\build\\vc2013\Win32\Debug\TLibCommon\TLibCommon.lib
     1>Done Building Project "C:\Users\dovel\Documents\Visual Studio 2013\Projects\HM-16.7_20180331\build\vc2013\TLibCommon_vc2013.vcxproj" (Build target(s)).

Build succeeded.

Time Elapsed 00:00:14.97
