Build started 2018/4/2 15:13:31.
     1>Project "C:\Users\dovel\Documents\Visual Studio 2013\Projects\HM-16.7_20180331\build\vc2013\TAppDecoderAnalyser_vc2013.vcxproj" on node 4 (Build target(s)).
     1>ClCompile:
         C:\Program Files (x86)\Microsoft Visual Studio 12.0\VC\bin\CL.exe /c /I"C:\Users\dovel\Documents\Visual Studio 2013\Projects\HM-16.7_20180331\build\\..\source\Lib\\" /Zi /nologo /W3 /WX- /Od /Oy- /D WIN32 /D _DEBUG /D _CONSOLE /D _CRT_SECURE_NO_WARNINGS /D RExt__DECODER_DEBUG_BIT_STATISTICS=1 /D _MBCS /Gm /EHsc /RTC1 /MTd /GS /fp:precise /Zc:wchar_t /Zc:forScope /Fo"C:\Users\dovel\Documents\Visual Studio 2013\Projects\HM-16.7_20180331\build\\vc2013\Win32\Debug\TAppDecoderAnalyser\\" /Fd"C:\Users\dovel\Documents\Visual Studio 2013\Projects\HM-16.7_20180331\build\\vc2013\Win32\Debug\TAppDecoderAnalyser\vc120.pdb" /Gd /TP /analyze- /errorReport:prompt ..\..\source\App\TAppDecoder\decmain.cpp ..\..\source\App\TAppDecoder\TAppDecCfg.cpp ..\..\source\App\TAppDecoder\TAppDecTop.cpp
         TAppDecTop.cpp
         TAppDecCfg.cpp
         decmain.cpp
         Generating Code...
       Link:
         C:\Program Files (x86)\Microsoft Visual Studio 12.0\VC\bin\link.exe /ERRORREPORT:PROMPT /OUT:"C:\Users\dovel\Documents\Visual Studio 2013\Projects\HM-16.7_20180331\build\\..\bin\vc2013\Win32\Debug\TAppDecoderAnalyser.exe" /INCREMENTAL /NOLOGO kernel32.lib user32.lib gdi32.lib winspool.lib comdlg32.lib advapi32.lib shell32.lib ole32.lib oleaut32.lib uuid.lib odbc32.lib odbccp32.lib /MANIFEST /MANIFESTUAC:"level='asInvoker' uiAccess='false'" /manifest:embed /DEBUG /PDB:"C:\Users\dovel\Documents\Visual Studio 2013\Projects\HM-16.7_20180331\build\\..\bin\vc2013\Win32\Debug\TAppDecoderAnalyser.pdb" /SUBSYSTEM:CONSOLE /TLBID:1 /DYNAMICBASE /NXCOMPAT /IMPLIB:"C:\Users\dovel\Documents\Visual Studio 2013\Projects\HM-16.7_20180331\build\\..\bin\vc2013\Win32\Debug\TAppDecoderAnalyser.lib" /MACHINE:X86 /SAFESEH "C:\Users\dovel\Documents\Visual Studio 2013\Projects\HM-16.7_20180331\build\\vc2013\Win32\Debug\TAppDecoderAnalyser\decmain.obj"
         "C:\Users\dovel\Documents\Visual Studio 2013\Projects\HM-16.7_20180331\build\\vc2013\Win32\Debug\TAppDecoderAnalyser\TAppDecCfg.obj"
         "C:\Users\dovel\Documents\Visual Studio 2013\Projects\HM-16.7_20180331\build\\vc2013\Win32\Debug\TAppDecoderAnalyser\TAppDecTop.obj"
         "C:\Users\dovel\Documents\Visual Studio 2013\Projects\HM-16.7_20180331\build\vc2013\Win32\Debug\TAppCommon\TAppCommon.lib"
         "C:\Users\dovel\Documents\Visual Studio 2013\Projects\HM-16.7_20180331\build\vc2013\Win32\Debug\TLibCommon\TLibCommon.lib"
         "C:\Users\dovel\Documents\Visual Studio 2013\Projects\HM-16.7_20180331\build\vc2013\Win32\Debug\TLibDecoderAnalyser\TLibDecoderAnalyser.lib"
         "C:\Users\dovel\Documents\Visual Studio 2013\Projects\HM-16.7_20180331\build\vc2013\Win32\Debug\TLibVideoIo\TLibVideoIO.lib"
         TAppDecoderAnalyser_vc2013.vcxproj -> C:\Users\dovel\Documents\Visual Studio 2013\Projects\HM-16.7_20180331\build\\..\bin\vc2013\Win32\Debug\TAppDecoderAnalyser.exe
     1>Done Building Project "C:\Users\dovel\Documents\Visual Studio 2013\Projects\HM-16.7_20180331\build\vc2013\TAppDecoderAnalyser_vc2013.vcxproj" (Build target(s)).

Build succeeded.

Time Elapsed 00:00:05.13
